Arguments: 
  C:\Program Files\nodejs\node.exe C:\Users\IVKU\AppData\Roaming\npm\node_modules\yarn\bin\yarn.js add express mongoose dotnev helmet morgan nodemon

PATH: 
  C:\WINDOWS\system32;C:\WINDOWS;C:\WINDOWS\System32\Wbem;C:\WINDOWS\System32\WindowsPowerShell\v1.0\;C:\WINDOWS\System32\OpenSSH\;C:\Users\IVKU\.local\share\solana\install\active_release\bin;C:\Program Files\PuTTY\;C:\Program Files\Git\cmd;%NVM_HOME%;%NVM_SYMLINK%;C:\Program Files\nodejs\;C:\Users\IVKU\AppData\Local\Programs\Python\Python310\Scripts\;C:\Users\IVKU\AppData\Local\Programs\Python\Python310\;C:\Users\IVKU\.local\share\solana\install\active_release\bin;C:\Users\IVKU\AppData\Local\Microsoft\WindowsApps;C:\Users\IVKU\AppData\Local\Programs\Microsoft VS Code\bin;C:\Users\IVKU\AppData\Roaming\nvm;C:\Program Files\nodejs;C:\Users\IVKU\AppData\Roaming\npm

Yarn version: 
  1.22.17

Node version: 
  14.20.0

Platform: 
  win32 x64

Trace: 
  Error: https://registry.yarnpkg.com/dotnev: Not found
      at Request.params.callback [as _callback] (C:\Users\IVKU\AppData\Roaming\npm\node_modules\yarn\lib\cli.js:67029:18)
      at Request.self.callback (C:\Users\IVKU\AppData\Roaming\npm\node_modules\yarn\lib\cli.js:140883:22)
      at Request.emit (events.js:400:28)
      at Request.<anonymous> (C:\Users\IVKU\AppData\Roaming\npm\node_modules\yarn\lib\cli.js:141855:10)
      at Request.emit (events.js:400:28)
      at IncomingMessage.<anonymous> (C:\Users\IVKU\AppData\Roaming\npm\node_modules\yarn\lib\cli.js:141777:12)
      at Object.onceWrapper (events.js:519:28)
      at IncomingMessage.emit (events.js:412:35)
      at endReadableNT (internal/streams/readable.js:1333:12)
      at processTicksAndRejections (internal/process/task_queues.js:82:21)

npm manifest: 
  {
    "name": "puppyplanet_api",
    "version": "1.0.0",
    "description": "puppyplanet api collection",
    "main": "index.js",
    "scripts": {
      "test": "echo \"Error: no test specified\" && exit 1"
    },
    "author": "",
    "license": "ISC"
  }

yarn manifest: 
  No manifest

Lockfile: 
  No lockfile
